<?xml version="1.0" encoding="UTF-8"?>
<testng-results skipped="0" failed="0" total="0" passed="0">
  <reporter-output>
  </reporter-output>
  <suite name="com.avi.practice.CustomerTest" duration-ms="2" started-at="2018-08-07T22:39:00Z" finished-at="2018-08-07T22:39:00Z">
    <groups>
    </groups>
    <test name="Command line test" duration-ms="2" started-at="2018-08-07T22:39:00Z" finished-at="2018-08-07T22:39:00Z">
    </test> <!-- Command line test -->
  </suite> <!-- com.avi.practice.CustomerTest -->
</testng-results>
